[22:07:24] Opening integrated terminal...
[22:07:26] Screenshot: C:\Users\Shadow\voice to text engine\screenshots\test_terminal_01_opened.png
[22:07:26] Sending Ctrl+C to ensure clean prompt...
[22:07:27] Screenshot: C:\Users\Shadow\voice to text engine\screenshots\test_terminal_02_after_ctrlc.png
[22:07:27] Typing command: echo "auto-resume-terminal-test-ok"
[22:07:29] Screenshot: C:\Users\Shadow\voice to text engine\screenshots\test_terminal_03_after_echo.png
[22:09:24] Opening integrated terminal via Command Palette...
[22:09:28] Screenshot: C:\Users\Shadow\voice to text engine\screenshots\test_terminal_01_opened.png
[22:09:28] Sending Ctrl+C to ensure clean prompt...
[22:09:29] Screenshot: C:\Users\Shadow\voice to text engine\screenshots\test_terminal_02_after_ctrlc.png
[22:09:29] Typing command: echo "auto-resume-terminal-test-ok"
[22:09:31] Screenshot: C:\Users\Shadow\voice to text engine\screenshots\test_terminal_03_after_echo.png
[22:09:34] Screenshot: C:\Users\Shadow\voice to text engine\screenshots\test_terminal_04_closed.png
[22:31:45] Using saved session: 0f719be5e0e9bce4749eb7804ce7b8f6
[22:31:45] Opening integrated terminal via Command Palette...
[22:31:49] Screenshot: C:\Users\Shadow\voice to text engine\screenshots\test_kimi_01_terminal.png
[22:31:49] Sending Ctrl+C to ensure clean prompt...
[22:31:51] Screenshot: C:\Users\Shadow\voice to text engine\screenshots\test_kimi_02_after_ctrlc.png
[22:31:51] Typing command: kimi -r 0f719be5e0e9bce4749eb7804ce7b8f6 -w "C:\Users\Shadow\voice to text engine"
[22:32:05] Screenshot: C:\Users\Shadow\voice to text engine\screenshots\test_kimi_03_after_tui_wait.png
[22:32:05] Sending Ctrl+C to ensure clean prompt...
[22:32:07] Screenshot: C:\Users\Shadow\voice to text engine\screenshots\test_kimi_04_after_exit.png
