2026-05-09T22:32:19.166Z [2688] [RESUME] Crash detected via stale heartbeat. age=315s, session=0c409a80-6cde-4428-88a9-4e4a7bf59e46
2026-05-09T22:32:19.168Z [2688] [RESUME] sessionId=0c409a80-6cde-4428-88a9-4e4a7bf59e46, isReload=true, isCrashRecovery=true
2026-05-09T22:32:19.169Z [2688] [RESUME] No lock file. Triggering auto-resume...
2026-05-09T22:32:19.170Z [2688] [RESUME] Reload detected. Scheduling terminal auto-resume. session=0c409a80-6cde-4428-88a9-4e4a7bf59e46, workDir=c:\Users\Shadow\voice to text engine
2026-05-09T22:32:19.171Z [2688] [RESUME] Lock file created.
2026-05-09T22:32:34.174Z [2688] [RESUME] Timer fired (15s). Creating terminal...
2026-05-09T22:32:34.175Z [2688] [RESUME] Existing 'Kimi Auto-Resume' terminal found: false
2026-05-09T22:32:34.175Z [2688] [RESUME] Creating new terminal with cwd=c:\Users\Shadow\voice to text engine
2026-05-09T22:32:34.176Z [2688] [RESUME] Terminal created successfully.
2026-05-09T22:32:34.177Z [2688] [RESUME] Sending command: kimi -r 0c409a80-6cde-4428-88a9-4e4a7bf59e46 -w "c:\\Users\\Shadow\\voice to text engine"
2026-05-09T22:32:34.177Z [2688] [RESUME] Resume command sent.
2026-05-09T22:32:46.198Z [2688] [RESUME] Context sent to terminal.
2026-05-09T22:33:04.271Z [2688] [RESUME] Lock file cleaned up.
2026-05-10T01:55:25.708Z [10924] [RESUME] Heartbeat shows clean shutdown, age=6s. Skipping crash recovery.
2026-05-10T01:55:25.717Z [10924] [RESUME] sessionId=0c409a80-6cde-4428-88a9-4e4a7bf59e46, isReload=true, isCrashRecovery=false
2026-05-10T01:55:25.718Z [10924] [RESUME] No lock file. Triggering auto-resume...
2026-05-10T01:55:25.718Z [10924] [RESUME] Reload detected. Scheduling terminal auto-resume. session=0c409a80-6cde-4428-88a9-4e4a7bf59e46, workDir=c:\Users\Shadow\voice to text engine
2026-05-10T01:55:25.719Z [10924] [RESUME] Lock file created.
2026-05-10T01:55:40.720Z [10924] [RESUME] Timer fired (15s). Creating terminal...
2026-05-10T01:55:40.721Z [10924] [RESUME] Existing 'Kimi Auto-Resume' terminal found: false
2026-05-10T01:55:40.721Z [10924] [RESUME] Creating new terminal with cwd=c:\Users\Shadow\voice to text engine
2026-05-10T01:55:40.722Z [10924] [RESUME] Terminal created successfully.
2026-05-10T01:55:40.723Z [10924] [RESUME] Sending command: kimi -r 0c409a80-6cde-4428-88a9-4e4a7bf59e46 -w "c:\\Users\\Shadow\\voice to text engine"
2026-05-10T01:55:40.724Z [10924] [RESUME] Resume command sent.
2026-05-10T01:55:52.733Z [10924] [RESUME] Context sent to terminal.
2026-05-10T01:56:10.763Z [10924] [RESUME] Lock file cleaned up.
2026-05-10T01:56:51.289Z [2596] [RESUME] sessionId=0c409a80-6cde-4428-88a9-4e4a7bf59e46, isReload=true, isCrashRecovery=false
2026-05-10T01:56:51.290Z [2596] [RESUME] No lock file. Triggering auto-resume...
2026-05-10T01:56:51.291Z [2596] [RESUME] Reload detected. Scheduling terminal auto-resume. session=0c409a80-6cde-4428-88a9-4e4a7bf59e46, workDir=C:\Users\Shadow\voice to text engine
2026-05-10T01:56:51.292Z [2596] [RESUME] Lock file created.
2026-05-10T01:57:06.312Z [2596] [RESUME] Timer fired (15s). Creating terminal...
2026-05-10T01:57:06.313Z [2596] [RESUME] Existing 'Kimi Auto-Resume' terminal found: false
2026-05-10T01:57:06.313Z [2596] [RESUME] Creating new terminal with cwd=C:\Users\Shadow\voice to text engine
2026-05-10T01:57:06.314Z [2596] [RESUME] Terminal created successfully.
2026-05-10T01:57:06.315Z [2596] [RESUME] Sending command: kimi -r 0c409a80-6cde-4428-88a9-4e4a7bf59e46 -w "C:\\Users\\Shadow\\voice to text engine"
2026-05-10T01:57:06.315Z [2596] [RESUME] Resume command sent.
2026-05-10T01:57:18.366Z [2596] [RESUME] Context sent to terminal.
2026-05-10T01:57:36.438Z [2596] [RESUME] Lock file cleaned up.
2026-05-10T02:07:52.279Z [19228] [RESUME] sessionId=0c409a80-6cde-4428-88a9-4e4a7bf59e46, isReload=true, isCrashRecovery=false
2026-05-10T02:07:52.280Z [19228] [RESUME] No lock file. Triggering auto-resume...
2026-05-10T02:07:52.281Z [19228] [RESUME] Reload detected. Scheduling terminal auto-resume. session=0c409a80-6cde-4428-88a9-4e4a7bf59e46, workDir=C:\Users\Shadow\voice to text engine
2026-05-10T02:07:52.283Z [19228] [RESUME] Lock file created.
2026-05-10T02:07:53.803Z [17016] [RESUME] sessionId=0c409a80-6cde-4428-88a9-4e4a7bf59e46, isReload=true, isCrashRecovery=false
2026-05-10T02:07:53.804Z [17016] [RESUME] Lock file exists. Skipping duplicate auto-resume.
2026-05-10T02:08:07.287Z [19228] [RESUME] Timer fired (15s). Creating terminal...
2026-05-10T02:08:07.288Z [19228] [RESUME] Existing 'Kimi Auto-Resume' terminal found: false
2026-05-10T02:08:07.288Z [19228] [RESUME] Creating new terminal with cwd=C:\Users\Shadow\voice to text engine
2026-05-10T02:08:07.289Z [19228] [RESUME] Terminal created successfully.
2026-05-10T02:08:07.290Z [19228] [RESUME] Sending command: kimi -r 0c409a80-6cde-4428-88a9-4e4a7bf59e46 -w "C:\\Users\\Shadow\\voice to text engine"
2026-05-10T02:08:07.291Z [19228] [RESUME] Resume command sent.
2026-05-10T02:08:20.503Z [19228] [RESUME] Context sent to terminal.
2026-05-10T02:08:30.399Z [20108] [RESUME] sessionId=0c409a80-6cde-4428-88a9-4e4a7bf59e46, isReload=true, isCrashRecovery=false
2026-05-10T02:08:30.401Z [20108] [RESUME] Lock file exists. Skipping duplicate auto-resume.
2026-05-10T02:08:31.431Z [19476] [RESUME] sessionId=0c409a80-6cde-4428-88a9-4e4a7bf59e46, isReload=true, isCrashRecovery=false
2026-05-10T02:08:31.433Z [19476] [RESUME] Lock file exists. Skipping duplicate auto-resume.
2026-05-10T02:08:37.338Z [19228] [RESUME] Lock file cleaned up.
2026-05-10T02:17:50.698Z [18912] [RESUME] Heartbeat shows clean shutdown, age=8s. Skipping crash recovery.
2026-05-10T02:17:50.700Z [18912] [RESUME] sessionId=0c409a80-6cde-4428-88a9-4e4a7bf59e46, isReload=true, isCrashRecovery=false
2026-05-10T02:17:50.701Z [18912] [RESUME] No lock file. Triggering auto-resume...
2026-05-10T02:17:50.702Z [18912] [RESUME] Reload detected. Scheduling terminal auto-resume. session=0c409a80-6cde-4428-88a9-4e4a7bf59e46, workDir=c:\Users\Shadow\voice to text engine
2026-05-10T02:17:50.703Z [18912] [RESUME] Lock file created.
2026-05-10T02:17:53.989Z [18912] [JUKEBOX] Auto-opened Jukebox panel after activation.
2026-05-10T02:18:06.590Z [18912] [RESUME] Timer fired (15s). Creating terminal...
2026-05-10T02:18:06.590Z [18912] [RESUME] Existing 'Kimi Auto-Resume' terminal found: true
2026-05-10T02:18:06.591Z [18912] [RESUME] Sending command: kimi -r 0c409a80-6cde-4428-88a9-4e4a7bf59e46 -w "c:\\Users\\Shadow\\voice to text engine"
2026-05-10T02:18:06.592Z [18912] [RESUME] Resume command sent.
2026-05-10T02:18:18.607Z [18912] [RESUME] Context sent to terminal.
2026-05-10T02:18:35.731Z [18912] [RESUME] Lock file cleaned up.
2026-05-10T02:27:36.493Z [2484] [RESUME] sessionId=0c409a80-6cde-4428-88a9-4e4a7bf59e46, isReload=true, isCrashRecovery=false
2026-05-10T02:27:36.494Z [2484] [RESUME] No lock file. Triggering auto-resume...
2026-05-10T02:27:36.495Z [2484] [RESUME] Reload detected. Scheduling terminal auto-resume. session=0c409a80-6cde-4428-88a9-4e4a7bf59e46, workDir=c:\Users\Shadow\voice to text engine
2026-05-10T02:27:36.496Z [2484] [RESUME] Lock file created.
2026-05-10T02:27:51.499Z [2484] [RESUME] Timer fired (15s). Creating terminal...
2026-05-10T02:27:51.500Z [2484] [RESUME] Existing 'Kimi Auto-Resume' terminal found: true
2026-05-10T02:27:51.501Z [2484] [RESUME] Sending command: kimi -r 0c409a80-6cde-4428-88a9-4e4a7bf59e46 -w "c:\\Users\\Shadow\\voice to text engine"
2026-05-10T02:27:51.501Z [2484] [RESUME] Resume command sent.
2026-05-10T02:28:03.509Z [2484] [RESUME] Context sent to terminal.
2026-05-10T02:28:21.509Z [2484] [RESUME] Lock file cleaned up.
2026-05-10T02:33:31.724Z [18084] [RESUME] sessionId=0c409a80-6cde-4428-88a9-4e4a7bf59e46, isReload=true, isCrashRecovery=false
2026-05-10T02:33:31.726Z [18084] [RESUME] No lock file. Triggering auto-resume...
2026-05-10T02:33:31.726Z [18084] [RESUME] Reload detected. Scheduling terminal auto-resume. session=0c409a80-6cde-4428-88a9-4e4a7bf59e46, workDir=c:\Users\Shadow\voice to text engine
2026-05-10T02:33:31.728Z [18084] [RESUME] Lock file created.
2026-05-10T02:33:46.734Z [18084] [RESUME] Timer fired (15s). Creating terminal...
2026-05-10T02:33:46.735Z [18084] [RESUME] Existing 'Kimi Auto-Resume' terminal found: true
2026-05-10T02:33:46.736Z [18084] [RESUME] Sending command: kimi -r 0c409a80-6cde-4428-88a9-4e4a7bf59e46 -w "c:\\Users\\Shadow\\voice to text engine"
2026-05-10T02:33:46.737Z [18084] [RESUME] Resume command sent.
2026-05-10T02:33:58.747Z [18084] [RESUME] Context sent to terminal.
2026-05-10T02:34:16.742Z [18084] [RESUME] Lock file cleaned up.
2026-05-10T02:36:31.655Z [18512] [RESUME] sessionId=0c409a80-6cde-4428-88a9-4e4a7bf59e46, isReload=true, isCrashRecovery=false
2026-05-10T02:36:31.656Z [18512] [RESUME] No lock file. Triggering auto-resume...
2026-05-10T02:36:31.656Z [18512] [RESUME] Reload detected. Scheduling terminal auto-resume. session=0c409a80-6cde-4428-88a9-4e4a7bf59e46, workDir=c:\Users\Shadow\voice to text engine
2026-05-10T02:36:31.657Z [18512] [RESUME] Lock file created.
2026-05-10T02:36:46.669Z [18512] [RESUME] Timer fired (15s). Creating terminal...
2026-05-10T02:36:46.669Z [18512] [RESUME] Existing 'Kimi Auto-Resume' terminal found: true
2026-05-10T02:36:46.670Z [18512] [RESUME] Sending command: kimi -r 0c409a80-6cde-4428-88a9-4e4a7bf59e46 -w "c:\\Users\\Shadow\\voice to text engine"
2026-05-10T02:36:46.671Z [18512] [RESUME] Resume command sent.
2026-05-10T02:36:58.687Z [18512] [RESUME] Context sent to terminal.
2026-05-10T02:37:16.660Z [18512] [RESUME] Lock file cleaned up.
2026-05-10T02:44:28.745Z [3708] [RESUME] Heartbeat shows clean shutdown, age=4s. Skipping crash recovery.
2026-05-10T02:44:28.755Z [3708] [RESUME] sessionId=0c409a80-6cde-4428-88a9-4e4a7bf59e46, isReload=true, isCrashRecovery=false
2026-05-10T02:44:28.756Z [3708] [RESUME] No lock file. Triggering auto-resume...
2026-05-10T02:44:28.757Z [3708] [RESUME] Reload detected. Scheduling terminal auto-resume. session=0c409a80-6cde-4428-88a9-4e4a7bf59e46, workDir=c:\Users\Shadow\voice to text engine
2026-05-10T02:44:28.758Z [3708] [RESUME] Lock file created.
2026-05-10T02:44:43.768Z [3708] [RESUME] Timer fired (15s). Creating terminal...
2026-05-10T02:44:43.769Z [3708] [RESUME] Existing 'Kimi Auto-Resume' terminal found: true
2026-05-10T02:44:43.770Z [3708] [RESUME] Sending command: kimi -r 0c409a80-6cde-4428-88a9-4e4a7bf59e46 -w "c:\\Users\\Shadow\\voice to text engine"
2026-05-10T02:44:43.770Z [3708] [RESUME] Resume command sent.
2026-05-10T02:44:55.779Z [3708] [RESUME] Context sent to terminal.
2026-05-10T02:45:13.762Z [3708] [RESUME] Lock file cleaned up.
2026-05-10T02:50:16.559Z [8464] [RESUME] Heartbeat shows clean shutdown, age=5s. Skipping crash recovery.
2026-05-10T02:50:16.572Z [8464] [RESUME] sessionId=0c409a80-6cde-4428-88a9-4e4a7bf59e46, isReload=true, isCrashRecovery=false
2026-05-10T02:50:16.573Z [8464] [RESUME] No lock file. Triggering auto-resume...
2026-05-10T02:50:16.574Z [8464] [RESUME] Reload detected. Scheduling terminal auto-resume. session=0c409a80-6cde-4428-88a9-4e4a7bf59e46, workDir=c:\Users\Shadow\voice to text engine
2026-05-10T02:50:16.575Z [8464] [RESUME] Lock file created.
2026-05-10T02:50:31.585Z [8464] [RESUME] Timer fired (15s). Creating terminal...
2026-05-10T02:50:31.585Z [8464] [RESUME] Existing 'Kimi Auto-Resume' terminal found: true
2026-05-10T02:50:31.586Z [8464] [RESUME] Sending command: kimi -r 0c409a80-6cde-4428-88a9-4e4a7bf59e46 -w "c:\\Users\\Shadow\\voice to text engine"
2026-05-10T02:50:31.587Z [8464] [RESUME] Resume command sent.
2026-05-10T02:50:43.593Z [8464] [RESUME] Context sent to terminal.
2026-05-10T02:51:01.580Z [8464] [RESUME] Lock file cleaned up.
2026-05-10T02:53:53.555Z [316] [RESUME] Heartbeat shows clean shutdown, age=5s. Skipping crash recovery.
2026-05-10T02:53:53.568Z [316] [RESUME] sessionId=0c409a80-6cde-4428-88a9-4e4a7bf59e46, isReload=true, isCrashRecovery=false
2026-05-10T02:53:53.570Z [316] [RESUME] No lock file. Triggering auto-resume...
2026-05-10T02:53:53.571Z [316] [RESUME] Reload detected. Scheduling terminal auto-resume. session=0c409a80-6cde-4428-88a9-4e4a7bf59e46, workDir=c:\Users\Shadow\voice to text engine
2026-05-10T02:53:53.572Z [316] [RESUME] Lock file created.
2026-05-10T02:54:08.583Z [316] [RESUME] Timer fired (15s). Creating terminal...
2026-05-10T02:54:08.584Z [316] [RESUME] Existing 'Kimi Auto-Resume' terminal found: true
2026-05-10T02:54:08.584Z [316] [RESUME] Sending command: kimi -r 0c409a80-6cde-4428-88a9-4e4a7bf59e46 -w "c:\\Users\\Shadow\\voice to text engine"
2026-05-10T02:54:08.585Z [316] [RESUME] Resume command sent.
2026-05-10T02:54:20.593Z [316] [RESUME] Context sent to terminal.
2026-05-10T02:54:38.577Z [316] [RESUME] Lock file cleaned up.
2026-05-10T02:58:15.591Z [10620] [RESUME] sessionId=0c409a80-6cde-4428-88a9-4e4a7bf59e46, isReload=true, isCrashRecovery=false
2026-05-10T02:58:15.592Z [10620] [RESUME] No lock file. Triggering auto-resume...
2026-05-10T02:58:15.592Z [10620] [RESUME] Reload detected. Scheduling terminal auto-resume. session=0c409a80-6cde-4428-88a9-4e4a7bf59e46, workDir=C:\Users\Shadow\voice to text engine
2026-05-10T02:58:15.594Z [10620] [RESUME] Lock file created.
2026-05-10T02:58:30.601Z [10620] [RESUME] Timer fired (15s). Creating terminal...
2026-05-10T02:58:30.602Z [10620] [RESUME] Existing 'Kimi Auto-Resume' terminal found: false
2026-05-10T02:58:30.603Z [10620] [RESUME] Creating new terminal with cwd=C:\Users\Shadow\voice to text engine
2026-05-10T02:58:30.604Z [10620] [RESUME] Terminal created successfully.
2026-05-10T02:58:30.605Z [10620] [RESUME] Sending command: kimi -r 0c409a80-6cde-4428-88a9-4e4a7bf59e46 -w "C:\\Users\\Shadow\\voice to text engine"
2026-05-10T02:58:30.606Z [10620] [RESUME] Resume command sent.
2026-05-10T02:58:31.346Z [6520] [RESUME] sessionId=0c409a80-6cde-4428-88a9-4e4a7bf59e46, isReload=true, isCrashRecovery=false
2026-05-10T02:58:31.348Z [6520] [RESUME] Lock file exists. Skipping duplicate auto-resume.
2026-05-10T02:58:42.612Z [10620] [RESUME] Context sent to terminal.
2026-05-10T02:59:00.621Z [10620] [RESUME] Lock file cleaned up.
2026-05-10T03:01:35.770Z [11460] [RESUME] sessionId=0c409a80-6cde-4428-88a9-4e4a7bf59e46, isReload=true, isCrashRecovery=false
2026-05-10T03:01:35.771Z [11460] [RESUME] No lock file. Triggering auto-resume...
2026-05-10T03:01:35.771Z [11460] [RESUME] Reload detected. Scheduling terminal auto-resume. session=0c409a80-6cde-4428-88a9-4e4a7bf59e46, workDir=C:\Users\Shadow\voice to text engine
2026-05-10T03:01:35.772Z [11460] [RESUME] Lock file created.
2026-05-10T03:01:50.781Z [11460] [RESUME] Timer fired (15s). Creating terminal...
2026-05-10T03:01:50.782Z [11460] [RESUME] Existing 'Kimi Auto-Resume' terminal found: false
2026-05-10T03:01:50.782Z [11460] [RESUME] Creating new terminal with cwd=C:\Users\Shadow\voice to text engine
2026-05-10T03:01:50.783Z [11460] [RESUME] Terminal created successfully.
2026-05-10T03:01:50.784Z [11460] [RESUME] Sending command: kimi -r 0c409a80-6cde-4428-88a9-4e4a7bf59e46 -w "C:\\Users\\Shadow\\voice to text engine"
2026-05-10T03:01:50.784Z [11460] [RESUME] Resume command sent.
2026-05-10T03:02:02.787Z [11460] [RESUME] Context sent to terminal.
2026-05-10T03:02:20.844Z [11460] [RESUME] Lock file cleaned up.
2026-05-10T06:10:18.026Z [8412] [RESUME] Heartbeat shows clean shutdown, age=6s. Skipping crash recovery.
2026-05-10T06:10:18.037Z [8412] [RESUME] sessionId=0c409a80-6cde-4428-88a9-4e4a7bf59e46, isReload=true, isCrashRecovery=false
2026-05-10T06:10:18.038Z [8412] [RESUME] No lock file. Triggering auto-resume...
2026-05-10T06:10:18.038Z [8412] [RESUME] Reload detected. Scheduling terminal auto-resume. session=0c409a80-6cde-4428-88a9-4e4a7bf59e46, workDir=c:\Users\Shadow\voice to text engine
2026-05-10T06:10:18.039Z [8412] [RESUME] Lock file created.
2026-05-10T06:10:33.048Z [8412] [RESUME] Timer fired (15s). Creating terminal...
2026-05-10T06:10:33.049Z [8412] [RESUME] Existing 'Kimi Auto-Resume' terminal found: false
2026-05-10T06:10:33.050Z [8412] [RESUME] Creating new terminal with cwd=c:\Users\Shadow\voice to text engine
2026-05-10T06:10:33.051Z [8412] [RESUME] Terminal created successfully.
2026-05-10T06:10:33.051Z [8412] [RESUME] Sending command: kimi -r 0c409a80-6cde-4428-88a9-4e4a7bf59e46 -w "c:\\Users\\Shadow\\voice to text engine"
2026-05-10T06:10:33.052Z [8412] [RESUME] Resume command sent.
2026-05-10T06:10:45.089Z [8412] [RESUME] Context sent to terminal.
2026-05-10T06:11:03.125Z [8412] [RESUME] Lock file cleaned up.
2026-05-10T16:41:35.243Z [12720] [RESUME] Heartbeat shows clean shutdown, age=3s. Skipping crash recovery.
2026-05-10T16:41:35.254Z [12720] [RESUME] sessionId=0c409a80-6cde-4428-88a9-4e4a7bf59e46, isReload=true, isCrashRecovery=false
2026-05-10T16:41:35.254Z [12720] [RESUME] No lock file. Triggering auto-resume...
2026-05-10T16:41:35.255Z [12720] [RESUME] Reload detected. Scheduling terminal auto-resume. session=0c409a80-6cde-4428-88a9-4e4a7bf59e46, workDir=c:\Users\Shadow\voice to text engine
2026-05-10T16:41:35.256Z [12720] [RESUME] Lock file created.
2026-05-10T16:41:50.272Z [12720] [RESUME] Timer fired (15s). Creating terminal...
2026-05-10T16:41:50.273Z [12720] [RESUME] Existing 'Kimi Auto-Resume' terminal found: false
2026-05-10T16:41:50.273Z [12720] [RESUME] Creating new terminal with cwd=c:\Users\Shadow\voice to text engine
2026-05-10T16:41:50.275Z [12720] [RESUME] Terminal created successfully.
2026-05-10T16:41:50.275Z [12720] [RESUME] Sending command: kimi -r 0c409a80-6cde-4428-88a9-4e4a7bf59e46 -w "c:\\Users\\Shadow\\voice to text engine"
2026-05-10T16:41:50.276Z [12720] [RESUME] Resume command sent.
2026-05-10T16:42:02.290Z [12720] [RESUME] Context sent to terminal.
2026-05-10T16:42:20.266Z [12720] [RESUME] Lock file cleaned up.
2026-05-10T16:51:50.677Z [15824] [RESUME] sessionId=0c409a80-6cde-4428-88a9-4e4a7bf59e46, isReload=true, isCrashRecovery=false
2026-05-10T16:51:50.678Z [15824] [RESUME] No lock file. Triggering auto-resume...
2026-05-10T16:51:50.679Z [15824] [RESUME] Reload detected. Scheduling terminal auto-resume. session=0c409a80-6cde-4428-88a9-4e4a7bf59e46, workDir=C:\Users\Shadow\voice to text engine
2026-05-10T16:51:50.681Z [15824] [RESUME] Lock file created.
2026-05-10T16:52:05.687Z [15824] [RESUME] Timer fired (15s). Creating terminal...
2026-05-10T16:52:05.687Z [15824] [RESUME] Existing 'Kimi Auto-Resume' terminal found: false
2026-05-10T16:52:05.688Z [15824] [RESUME] Creating new terminal with cwd=C:\Users\Shadow\voice to text engine
2026-05-10T16:52:05.689Z [15824] [RESUME] Terminal created successfully.
2026-05-10T16:52:05.690Z [15824] [RESUME] Sending command: kimi -r 0c409a80-6cde-4428-88a9-4e4a7bf59e46 -w "C:\\Users\\Shadow\\voice to text engine"
2026-05-10T16:52:05.690Z [15824] [RESUME] Resume command sent.
2026-05-10T16:52:17.699Z [15824] [RESUME] Context sent to terminal.
2026-05-10T16:52:35.692Z [15824] [RESUME] Lock file cleaned up.
2026-05-10T16:52:53.274Z [18036] [RESUME] sessionId=0c409a80-6cde-4428-88a9-4e4a7bf59e46, isReload=true, isCrashRecovery=false
2026-05-10T16:52:53.275Z [18036] [RESUME] No lock file. Triggering auto-resume...
2026-05-10T16:52:53.276Z [18036] [RESUME] Reload detected. Scheduling terminal auto-resume. session=0c409a80-6cde-4428-88a9-4e4a7bf59e46, workDir=c:\Users\Shadow\voice to text engine
2026-05-10T16:52:53.278Z [18036] [RESUME] Lock file created.
2026-05-10T16:53:08.281Z [18036] [RESUME] Timer fired (15s). Creating terminal...
2026-05-10T16:53:08.282Z [18036] [RESUME] Existing 'Kimi Auto-Resume' terminal found: true
2026-05-10T16:53:08.283Z [18036] [RESUME] Sending command: kimi -r 0c409a80-6cde-4428-88a9-4e4a7bf59e46 -w "c:\\Users\\Shadow\\voice to text engine"
2026-05-10T16:53:08.284Z [18036] [RESUME] Resume command sent.
2026-05-10T16:53:20.285Z [18036] [RESUME] Context sent to terminal.
2026-05-10T16:53:38.283Z [18036] [RESUME] Lock file cleaned up.
2026-05-10T16:56:04.046Z [18128] [RESUME] Heartbeat shows clean shutdown, age=4s. Skipping crash recovery.
2026-05-10T16:56:04.060Z [18128] [RESUME] sessionId=0c409a80-6cde-4428-88a9-4e4a7bf59e46, isReload=true, isCrashRecovery=false
2026-05-10T16:56:04.062Z [18128] [RESUME] No lock file. Triggering auto-resume...
2026-05-10T16:56:04.063Z [18128] [RESUME] Reload detected. Scheduling terminal auto-resume. session=0c409a80-6cde-4428-88a9-4e4a7bf59e46, workDir=c:\Users\Shadow\voice to text engine
2026-05-10T16:56:04.064Z [18128] [RESUME] Lock file created.
2026-05-10T16:56:19.070Z [18128] [RESUME] Timer fired (15s). Creating terminal...
2026-05-10T16:56:19.071Z [18128] [RESUME] Existing 'Kimi Auto-Resume' terminal found: true
2026-05-10T16:56:19.071Z [18128] [RESUME] Sending command: kimi -r 0c409a80-6cde-4428-88a9-4e4a7bf59e46 -w "c:\\Users\\Shadow\\voice to text engine"
2026-05-10T16:56:19.072Z [18128] [RESUME] Resume command sent.
2026-05-10T16:56:31.082Z [18128] [RESUME] Context sent to terminal.
2026-05-10T16:56:49.071Z [18128] [RESUME] Lock file cleaned up.
2026-05-10T16:59:28.688Z [8376] [RESUME] sessionId=0c409a80-6cde-4428-88a9-4e4a7bf59e46, isReload=true, isCrashRecovery=false
2026-05-10T16:59:28.689Z [8376] [RESUME] No lock file. Triggering auto-resume...
2026-05-10T16:59:28.690Z [8376] [RESUME] Reload detected. Scheduling terminal auto-resume. session=0c409a80-6cde-4428-88a9-4e4a7bf59e46, workDir=C:\Users\Shadow\voice to text engine
2026-05-10T16:59:28.691Z [8376] [RESUME] Lock file created.
2026-05-10T16:59:41.970Z [8836] [RESUME] sessionId=0c409a80-6cde-4428-88a9-4e4a7bf59e46, isReload=true, isCrashRecovery=false
2026-05-10T16:59:41.971Z [8836] [RESUME] No lock file. Triggering auto-resume...
2026-05-10T16:59:41.971Z [8836] [RESUME] Reload detected. Scheduling terminal auto-resume. session=0c409a80-6cde-4428-88a9-4e4a7bf59e46, workDir=C:\Users\Shadow\voice to text engine
2026-05-10T16:59:41.973Z [8836] [RESUME] Lock file created.
2026-05-10T16:59:56.973Z [8836] [RESUME] Timer fired (15s). Creating terminal...
2026-05-10T16:59:56.974Z [8836] [RESUME] Existing 'Kimi Auto-Resume' terminal found: false
2026-05-10T16:59:56.974Z [8836] [RESUME] Creating new terminal with cwd=C:\Users\Shadow\voice to text engine
2026-05-10T16:59:56.975Z [8836] [RESUME] Terminal created successfully.
2026-05-10T16:59:56.976Z [8836] [RESUME] Sending command: kimi -r 0c409a80-6cde-4428-88a9-4e4a7bf59e46 -w "C:\\Users\\Shadow\\voice to text engine"
2026-05-10T16:59:56.977Z [8836] [RESUME] Resume command sent.
2026-05-10T17:00:08.992Z [8836] [RESUME] Context sent to terminal.
2026-05-10T17:00:26.974Z [8836] [RESUME] Lock file cleaned up.
2026-05-10T20:22:57.744Z [9668] [RESUME] Heartbeat shows clean shutdown, age=6s. Skipping crash recovery.
2026-05-10T20:22:57.753Z [9668] [RESUME] sessionId=0c409a80-6cde-4428-88a9-4e4a7bf59e46, isReload=true, isCrashRecovery=false
2026-05-10T20:22:57.754Z [9668] [RESUME] No lock file. Triggering auto-resume...
2026-05-10T20:22:57.755Z [9668] [RESUME] Reload detected. Scheduling terminal auto-resume. session=0c409a80-6cde-4428-88a9-4e4a7bf59e46, workDir=c:\Users\Shadow\voice to text engine
2026-05-10T20:22:57.756Z [9668] [RESUME] Lock file created.
2026-05-10T20:23:12.762Z [9668] [RESUME] Timer fired (15s). Creating terminal...
2026-05-10T20:23:12.763Z [9668] [RESUME] Existing 'Kimi Auto-Resume' terminal found: false
2026-05-10T20:23:12.763Z [9668] [RESUME] Creating new terminal with cwd=c:\Users\Shadow\voice to text engine
2026-05-10T20:23:12.765Z [9668] [RESUME] Terminal created successfully.
2026-05-10T20:23:12.765Z [9668] [RESUME] Sending command: kimi -r 0c409a80-6cde-4428-88a9-4e4a7bf59e46 -w "c:\\Users\\Shadow\\voice to text engine"
2026-05-10T20:23:12.766Z [9668] [RESUME] Resume command sent.
2026-05-10T20:23:24.770Z [9668] [RESUME] Context sent to terminal.
2026-05-10T20:23:42.820Z [9668] [RESUME] Lock file cleaned up.
2026-05-10T20:25:32.800Z [16624] [RESUME] sessionId=0c409a80-6cde-4428-88a9-4e4a7bf59e46, isReload=true, isCrashRecovery=false
2026-05-10T20:25:32.801Z [16624] [RESUME] No lock file. Triggering auto-resume...
2026-05-10T20:25:32.802Z [16624] [RESUME] Reload detected. Scheduling terminal auto-resume. session=0c409a80-6cde-4428-88a9-4e4a7bf59e46, workDir=C:\Users\Shadow\voice to text engine
2026-05-10T20:25:32.803Z [16624] [RESUME] Lock file created.
2026-05-10T20:25:34.532Z [3244] [RESUME] sessionId=0c409a80-6cde-4428-88a9-4e4a7bf59e46, isReload=true, isCrashRecovery=false
2026-05-10T20:25:34.533Z [3244] [RESUME] Lock file exists. Skipping duplicate auto-resume.
2026-05-10T20:25:47.805Z [16624] [RESUME] Timer fired (15s). Creating terminal...
2026-05-10T20:25:47.806Z [16624] [RESUME] Existing 'Kimi Auto-Resume' terminal found: false
2026-05-10T20:25:47.807Z [16624] [RESUME] Creating new terminal with cwd=C:\Users\Shadow\voice to text engine
2026-05-10T20:25:47.808Z [16624] [RESUME] Terminal created successfully.
2026-05-10T20:25:47.808Z [16624] [RESUME] Sending command: kimi -r 0c409a80-6cde-4428-88a9-4e4a7bf59e46 -w "C:\\Users\\Shadow\\voice to text engine"
2026-05-10T20:25:47.809Z [16624] [RESUME] Resume command sent.
2026-05-10T20:25:51.448Z [17952] [RESUME] sessionId=0c409a80-6cde-4428-88a9-4e4a7bf59e46, isReload=true, isCrashRecovery=false
2026-05-10T20:25:51.449Z [17952] [RESUME] No lock file. Triggering auto-resume...
2026-05-10T20:25:51.450Z [17952] [RESUME] Reload detected. Scheduling terminal auto-resume. session=0c409a80-6cde-4428-88a9-4e4a7bf59e46, workDir=C:\Users\Shadow\voice to text engine
2026-05-10T20:25:51.451Z [17952] [RESUME] Lock file created.
2026-05-10T20:25:59.821Z [16624] [RESUME] Context sent to terminal.
2026-05-10T20:26:06.462Z [17952] [RESUME] Timer fired (15s). Creating terminal...
2026-05-10T20:26:06.463Z [17952] [RESUME] Existing 'Kimi Auto-Resume' terminal found: false
2026-05-10T20:26:06.463Z [17952] [RESUME] Creating new terminal with cwd=C:\Users\Shadow\voice to text engine
2026-05-10T20:26:06.465Z [17952] [RESUME] Terminal created successfully.
2026-05-10T20:26:06.465Z [17952] [RESUME] Sending command: kimi -r 0c409a80-6cde-4428-88a9-4e4a7bf59e46 -w "C:\\Users\\Shadow\\voice to text engine"
2026-05-10T20:26:06.466Z [17952] [RESUME] Resume command sent.
2026-05-10T20:26:17.985Z [16624] [RESUME] Lock file cleaned up.
2026-05-10T20:26:18.484Z [17952] [RESUME] Context sent to terminal.
2026-05-10T20:26:36.544Z [17952] [RESUME] Lock file cleaned up.
2026-05-10T20:27:41.703Z [14292] [RESUME] Heartbeat shows clean shutdown, age=4s. Skipping crash recovery.
2026-05-10T20:27:41.717Z [14292] [RESUME] sessionId=0c409a80-6cde-4428-88a9-4e4a7bf59e46, isReload=true, isCrashRecovery=false
2026-05-10T20:27:41.718Z [14292] [RESUME] No lock file. Triggering auto-resume...
2026-05-10T20:27:41.718Z [14292] [RESUME] Reload detected. Scheduling terminal auto-resume. session=0c409a80-6cde-4428-88a9-4e4a7bf59e46, workDir=c:\Users\Shadow\voice to text engine
2026-05-10T20:27:41.719Z [14292] [RESUME] Lock file created.
2026-05-10T20:27:56.722Z [14292] [RESUME] Timer fired (15s). Creating terminal...
2026-05-10T20:27:56.723Z [14292] [RESUME] Existing 'Kimi Auto-Resume' terminal found: true
2026-05-10T20:27:56.724Z [14292] [RESUME] Sending history command: python tools/show_kimi_history.py 0c409a80-6cde-4428-88a9-4e4a7bf59e46 --turns 5
2026-05-10T20:27:56.725Z [14292] [RESUME] Sending command: kimi -r 0c409a80-6cde-4428-88a9-4e4a7bf59e46 -w "c:\\Users\\Shadow\\voice to text engine"
2026-05-10T20:27:56.726Z [14292] [RESUME] Resume command sent.
2026-05-10T20:28:08.739Z [14292] [RESUME] Context sent to terminal.
2026-05-10T20:28:26.724Z [14292] [RESUME] Lock file cleaned up.
2026-05-10T20:30:37.244Z [8864] [RESUME] sessionId=0c409a80-6cde-4428-88a9-4e4a7bf59e46, isReload=true, isCrashRecovery=false
2026-05-10T20:30:37.245Z [8864] [RESUME] No lock file. Triggering auto-resume...
2026-05-10T20:30:37.246Z [8864] [RESUME] Reload detected. Scheduling terminal auto-resume. session=0c409a80-6cde-4428-88a9-4e4a7bf59e46, workDir=c:\Users\Shadow\voice to text engine
2026-05-10T20:30:37.249Z [8864] [RESUME] Lock file created.
2026-05-10T20:30:52.256Z [8864] [RESUME] Timer fired (15s). Creating terminal...
2026-05-10T20:30:52.257Z [8864] [RESUME] Existing 'Kimi Auto-Resume' terminal found: true
2026-05-10T20:30:52.258Z [8864] [RESUME] Sending history command: python tools/show_kimi_history.py 0c409a80-6cde-4428-88a9-4e4a7bf59e46 --turns 5
2026-05-10T20:30:55.260Z [8864] [RESUME] Sending command: kimi -r 0c409a80-6cde-4428-88a9-4e4a7bf59e46 -w "c:\\Users\\Shadow\\voice to text engine"
2026-05-10T20:30:55.261Z [8864] [RESUME] Resume command sent.
2026-05-10T20:31:04.260Z [8864] [RESUME] Context sent to terminal.
2026-05-10T20:31:22.256Z [8864] [RESUME] Lock file cleaned up.
2026-05-10T21:31:21.630Z [17876] [RESUME] sessionId=0c409a80-6cde-4428-88a9-4e4a7bf59e46, isReload=true, isCrashRecovery=false
2026-05-10T21:31:21.631Z [17876] [RESUME] No lock file. Triggering auto-resume...
2026-05-10T21:31:21.632Z [17876] [RESUME] Reload detected. Scheduling terminal auto-resume. session=0c409a80-6cde-4428-88a9-4e4a7bf59e46, workDir=c:\Users\Shadow\voice to text engine
2026-05-10T21:31:21.634Z [17876] [RESUME] Lock file created.
2026-05-10T21:31:36.634Z [17876] [RESUME] Timer fired (15s). Creating terminal...
2026-05-10T21:31:36.635Z [17876] [RESUME] Existing 'Kimi Auto-Resume' terminal found: true
2026-05-10T21:31:36.636Z [17876] [RESUME] Sent Ctrl+C to terminal.
2026-05-10T21:31:37.445Z [17876] [RESUME] Sending history command: python tools/show_kimi_history.py 0c409a80-6cde-4428-88a9-4e4a7bf59e46 --turns 5
2026-05-10T21:31:40.445Z [17876] [RESUME] Sending command: kimi -r 0c409a80-6cde-4428-88a9-4e4a7bf59e46 -w "c:\\Users\\Shadow\\voice to text engine"
2026-05-10T21:31:40.446Z [17876] [RESUME] Resume command sent.
2026-05-10T21:31:48.647Z [17876] [RESUME] Context sent to terminal.
2026-05-10T21:32:06.637Z [17876] [RESUME] Lock file cleaned up.
2026-05-11T10:14:26.622Z [4868] [RESUME] Heartbeat shows clean shutdown, age=5s. Skipping crash recovery.
2026-05-11T10:14:26.625Z [4868] [RESUME] sessionId=0c409a80-6cde-4428-88a9-4e4a7bf59e46, isReload=true, isCrashRecovery=false
2026-05-11T10:14:26.626Z [4868] [RESUME] No lock file. Triggering auto-resume...
2026-05-11T10:14:26.626Z [4868] [RESUME] Reload detected. Scheduling terminal auto-resume. session=0c409a80-6cde-4428-88a9-4e4a7bf59e46, workDir=c:\Users\Shadow\voice to text engine
2026-05-11T10:14:26.627Z [4868] [RESUME] Lock file created.
2026-05-11T10:14:41.729Z [4868] [RESUME] Timer fired (15s). Creating terminal...
2026-05-11T10:14:41.729Z [4868] [RESUME] Existing 'Kimi Auto-Resume' terminal found: false
2026-05-11T10:14:41.730Z [4868] [RESUME] Creating new terminal with cwd=c:\Users\Shadow\voice to text engine
2026-05-11T10:14:41.731Z [4868] [RESUME] Terminal created successfully.
2026-05-11T10:14:41.732Z [4868] [RESUME] Sent Ctrl+C to terminal.
2026-05-11T10:14:42.536Z [4868] [RESUME] Sending history command: python tools/show_kimi_history.py 0c409a80-6cde-4428-88a9-4e4a7bf59e46 --turns 5
2026-05-11T10:14:45.538Z [4868] [RESUME] Sending command: kimi -r 0c409a80-6cde-4428-88a9-4e4a7bf59e46 -w "c:\\Users\\Shadow\\voice to text engine"
2026-05-11T10:14:45.539Z [4868] [RESUME] Resume command sent.
2026-05-11T10:14:53.744Z [4868] [RESUME] Context sent to terminal.
2026-05-11T10:15:11.658Z [4868] [RESUME] Lock file cleaned up.
2026-05-11T14:16:11.002Z [13876] [RESUME] Heartbeat shows clean shutdown, age=7s. Skipping crash recovery.
2026-05-11T14:16:11.005Z [13876] [RESUME] sessionId=0c409a80-6cde-4428-88a9-4e4a7bf59e46, isReload=true, isCrashRecovery=false
2026-05-11T14:16:11.005Z [13876] [RESUME] No lock file. Triggering auto-resume...
2026-05-11T14:16:11.006Z [13876] [RESUME] Reload detected. Scheduling terminal auto-resume. session=0c409a80-6cde-4428-88a9-4e4a7bf59e46, workDir=c:\Users\Shadow\voice to text engine
2026-05-11T14:16:11.007Z [13876] [RESUME] Lock file created.
2026-05-11T14:16:26.015Z [13876] [RESUME] Timer fired (15s). Creating terminal...
2026-05-11T14:16:26.016Z [13876] [RESUME] Existing 'Kimi Auto-Resume' terminal found: false
2026-05-11T14:16:26.016Z [13876] [RESUME] Creating new terminal with cwd=c:\Users\Shadow\voice to text engine
2026-05-11T14:16:26.017Z [13876] [RESUME] Terminal created successfully.
2026-05-11T14:16:26.018Z [13876] [RESUME] Sent Ctrl+C to terminal.
2026-05-11T14:16:26.832Z [13876] [RESUME] Sending history command: python tools/show_kimi_history.py 0c409a80-6cde-4428-88a9-4e4a7bf59e46 --turns 5
2026-05-11T14:16:29.827Z [13876] [RESUME] Sending command: kimi -r 0c409a80-6cde-4428-88a9-4e4a7bf59e46 -w "c:\\Users\\Shadow\\voice to text engine"
2026-05-11T14:16:29.828Z [13876] [RESUME] Resume command sent.
2026-05-11T14:16:38.042Z [13876] [RESUME] Context sent to terminal.
2026-05-11T14:16:56.077Z [13876] [RESUME] Lock file cleaned up.
2026-05-11T14:59:36.195Z [3228] [RESUME] Crash detected via stale heartbeat. age=291s, session=0c409a80-6cde-4428-88a9-4e4a7bf59e46
2026-05-11T14:59:36.197Z [3228] [RESUME] sessionId=0c409a80-6cde-4428-88a9-4e4a7bf59e46, isReload=false, isCrashRecovery=true
2026-05-11T14:59:36.198Z [3228] [RESUME] No lock file. Triggering auto-resume...
2026-05-11T14:59:36.199Z [3228] [RESUME] Crash recovery. Scheduling terminal auto-resume. session=0c409a80-6cde-4428-88a9-4e4a7bf59e46, workDir=c:\Users\Shadow\voice to text engine
2026-05-11T14:59:36.200Z [3228] [RESUME] Lock file created.
2026-05-11T14:59:51.218Z [3228] [RESUME] Timer fired (15s). Creating terminal...
2026-05-11T14:59:51.219Z [3228] [RESUME] Existing 'Kimi Auto-Resume' terminal found: false
2026-05-11T14:59:51.219Z [3228] [RESUME] Creating new terminal with cwd=c:\Users\Shadow\voice to text engine
2026-05-11T14:59:51.220Z [3228] [RESUME] Terminal created successfully.
2026-05-11T14:59:51.221Z [3228] [RESUME] Sent Ctrl+C to terminal.
2026-05-11T14:59:52.026Z [3228] [RESUME] Sending history command: python tools/show_kimi_history.py 0c409a80-6cde-4428-88a9-4e4a7bf59e46 --turns 5
2026-05-11T14:59:55.023Z [3228] [RESUME] Sending command: kimi -r 0c409a80-6cde-4428-88a9-4e4a7bf59e46 -w "c:\\Users\\Shadow\\voice to text engine"
2026-05-11T14:59:55.024Z [3228] [RESUME] Resume command sent.
2026-05-11T15:00:03.270Z [3228] [RESUME] Context sent to terminal.
2026-05-11T15:00:23.064Z [3228] [RESUME] Lock file cleaned up.
2026-05-11T15:17:46.432Z [8440] [RESUME] Heartbeat shows clean shutdown, age=4s. Skipping crash recovery.
2026-05-11T15:17:46.434Z [8440] [RESUME] sessionId=0c409a80-6cde-4428-88a9-4e4a7bf59e46, isReload=true, isCrashRecovery=false
2026-05-11T15:17:46.434Z [8440] [RESUME] No lock file. Triggering auto-resume...
2026-05-11T15:17:46.435Z [8440] [RESUME] Reload detected. Scheduling terminal auto-resume. session=0c409a80-6cde-4428-88a9-4e4a7bf59e46, workDir=c:\Users\Shadow\voice to text engine
2026-05-11T15:17:46.436Z [8440] [RESUME] Lock file created.
2026-05-11T15:18:01.441Z [8440] [RESUME] Timer fired (15s). Creating terminal...
2026-05-11T15:18:01.441Z [8440] [RESUME] Existing 'Kimi Auto-Resume' terminal found: true
2026-05-11T15:18:01.442Z [8440] [RESUME] Sent Ctrl+C to terminal.
2026-05-11T15:18:02.253Z [8440] [RESUME] Sending history command: python tools/show_kimi_history.py 0c409a80-6cde-4428-88a9-4e4a7bf59e46 --turns 5
2026-05-11T15:18:05.247Z [8440] [RESUME] Sending command: kimi -r 0c409a80-6cde-4428-88a9-4e4a7bf59e46 -w "c:\\Users\\Shadow\\voice to text engine"
2026-05-11T15:18:05.248Z [8440] [RESUME] Resume command sent.
2026-05-11T15:18:13.451Z [8440] [RESUME] Context sent to terminal.
2026-05-11T15:18:31.438Z [8440] [RESUME] Lock file cleaned up.
2026-05-11T20:28:16.480Z [9560] [RESUME] sessionId=0c409a80-6cde-4428-88a9-4e4a7bf59e46, isReload=true, isCrashRecovery=false
2026-05-11T20:28:16.482Z [9560] [RESUME] No lock file. Triggering auto-resume...
2026-05-11T20:28:16.482Z [9560] [RESUME] Reload detected. Scheduling terminal auto-resume. session=0c409a80-6cde-4428-88a9-4e4a7bf59e46, workDir=c:\Users\Shadow\voice to text engine
2026-05-11T20:28:16.484Z [9560] [RESUME] Lock file created.
2026-05-11T20:28:31.530Z [9560] [RESUME] Timer fired (15s). Creating terminal...
2026-05-11T20:28:31.531Z [9560] [RESUME] Existing 'Kimi Auto-Resume' terminal found: false
2026-05-11T20:28:31.531Z [9560] [RESUME] Creating new terminal with cwd=c:\Users\Shadow\voice to text engine
2026-05-11T20:28:31.533Z [9560] [RESUME] Terminal created successfully.
2026-05-11T20:28:31.534Z [9560] [RESUME] Waiting 2500ms for terminal to be ready (new=true)...
2026-05-11T20:28:34.039Z [9560] [RESUME] Sent Ctrl+C to terminal.
2026-05-11T20:28:35.046Z [9560] [RESUME] Sending history command: python tools/show_kimi_history.py 0c409a80-6cde-4428-88a9-4e4a7bf59e46 --turns 5
2026-05-11T20:28:39.421Z [9560] [RESUME] Sending command: kimi -r 0c409a80-6cde-4428-88a9-4e4a7bf59e46 -w "c:\\Users\\Shadow\\voice to text engine"
2026-05-11T20:28:39.422Z [9560] [RESUME] Resume command sent.
2026-05-11T20:28:48.051Z [9560] [RESUME] Context sent to terminal.
2026-05-11T20:29:01.605Z [9560] [RESUME] Lock file cleaned up.
2026-05-11T20:41:26.894Z [4324] [RESUME] Heartbeat shows clean shutdown, age=3s. Skipping crash recovery.
2026-05-11T20:41:26.902Z [4324] [RESUME] sessionId=0c409a80-6cde-4428-88a9-4e4a7bf59e46, isReload=true, isCrashRecovery=false
2026-05-11T20:41:26.903Z [4324] [RESUME] No lock file. Triggering auto-resume...
2026-05-11T20:41:26.904Z [4324] [RESUME] Reload detected. Scheduling terminal auto-resume. session=0c409a80-6cde-4428-88a9-4e4a7bf59e46, workDir=c:\Users\Shadow\voice to text engine
2026-05-11T20:41:26.905Z [4324] [RESUME] Lock file created.
2026-05-11T20:41:41.910Z [4324] [RESUME] Timer fired (15s). Creating terminal...
2026-05-11T20:41:41.911Z [4324] [RESUME] Existing 'Kimi Auto-Resume' terminal found: true
2026-05-11T20:41:41.912Z [4324] [RESUME] Sent Ctrl+C to terminal.
2026-05-11T20:41:42.723Z [4324] [RESUME] Sending history command: python tools/show_kimi_history.py 0c409a80-6cde-4428-88a9-4e4a7bf59e46 --turns 5
2026-05-11T20:41:45.715Z [4324] [RESUME] Sending command: kimi -r 0c409a80-6cde-4428-88a9-4e4a7bf59e46 -w "c:\\Users\\Shadow\\voice to text engine"
2026-05-11T20:41:45.716Z [4324] [RESUME] Resume command sent.
2026-05-11T20:41:53.916Z [4324] [RESUME] Context sent to terminal.
2026-05-11T20:42:11.920Z [4324] [RESUME] Lock file cleaned up.
2026-05-11T21:18:51.069Z [2680] [RESUME] Heartbeat shows clean shutdown, age=3s. Skipping crash recovery.
2026-05-11T21:18:51.071Z [2680] [RESUME] sessionId=0c409a80-6cde-4428-88a9-4e4a7bf59e46, isReload=true, isCrashRecovery=false
2026-05-11T21:18:51.072Z [2680] [RESUME] No lock file. Triggering auto-resume...
2026-05-11T21:18:51.072Z [2680] [RESUME] Reload detected. Scheduling terminal auto-resume. session=0c409a80-6cde-4428-88a9-4e4a7bf59e46, workDir=c:\Users\Shadow\voice to text engine
2026-05-11T21:18:51.074Z [2680] [RESUME] Lock file created.
2026-05-11T21:19:06.200Z [2680] [RESUME] Timer fired (15s). Creating terminal...
2026-05-11T21:19:06.201Z [2680] [RESUME] Existing 'Kimi Auto-Resume' terminal found: true
2026-05-11T21:19:06.201Z [2680] [RESUME] Sent Ctrl+C to terminal.
2026-05-11T21:19:07.002Z [2680] [RESUME] Sending history command: python tools/show_kimi_history.py 0c409a80-6cde-4428-88a9-4e4a7bf59e46 --turns 5
2026-05-11T21:19:10.016Z [2680] [RESUME] Sending command: kimi -r 0c409a80-6cde-4428-88a9-4e4a7bf59e46 -w "c:\\Users\\Shadow\\voice to text engine"
2026-05-11T21:19:10.017Z [2680] [RESUME] Resume command sent.
2026-05-11T21:19:18.228Z [2680] [RESUME] Context sent to terminal.
2026-05-11T21:19:36.079Z [2680] [RESUME] Lock file cleaned up.
2026-05-11T21:23:16.489Z [2820] [RESUME] Heartbeat shows clean shutdown, age=3s. Skipping crash recovery.
2026-05-11T21:23:16.491Z [2820] [RESUME] sessionId=0c409a80-6cde-4428-88a9-4e4a7bf59e46, isReload=true, isCrashRecovery=false
2026-05-11T21:23:16.492Z [2820] [RESUME] No lock file. Triggering auto-resume...
2026-05-11T21:23:16.492Z [2820] [RESUME] Reload detected. Scheduling terminal auto-resume. session=0c409a80-6cde-4428-88a9-4e4a7bf59e46, workDir=c:\Users\Shadow\voice to text engine
2026-05-11T21:23:16.494Z [2820] [RESUME] Lock file created.
2026-05-11T21:23:31.603Z [2820] [RESUME] Timer fired (15s). Creating terminal...
2026-05-11T21:23:31.604Z [2820] [RESUME] Existing 'Kimi Auto-Resume' terminal found: true
2026-05-11T21:23:31.605Z [2820] [RESUME] Sent Ctrl+C to terminal.
2026-05-11T21:23:32.408Z [2820] [RESUME] Sending history command: python tools/show_kimi_history.py 0c409a80-6cde-4428-88a9-4e4a7bf59e46 --turns 5
2026-05-11T21:23:35.406Z [2820] [RESUME] Sending command: kimi -r 0c409a80-6cde-4428-88a9-4e4a7bf59e46 -w "c:\\Users\\Shadow\\voice to text engine"
2026-05-11T21:23:35.407Z [2820] [RESUME] Resume command sent.
2026-05-11T21:23:43.659Z [2820] [RESUME] Context sent to terminal.
2026-05-11T21:24:01.502Z [2820] [RESUME] Lock file cleaned up.
2026-05-11T21:31:08.729Z [7940] [RESUME] sessionId=0c409a80-6cde-4428-88a9-4e4a7bf59e46, isReload=true, isCrashRecovery=false
2026-05-11T21:31:08.730Z [7940] [RESUME] No lock file. Triggering auto-resume...
2026-05-11T21:31:08.731Z [7940] [RESUME] Reload detected. Scheduling terminal auto-resume. session=0c409a80-6cde-4428-88a9-4e4a7bf59e46, workDir=C:\Users\Shadow\voice to text engine
2026-05-11T21:31:08.732Z [7940] [RESUME] Lock file created.
2026-05-11T21:31:23.740Z [7940] [RESUME] Timer fired (15s). Creating terminal...
2026-05-11T21:31:23.741Z [7940] [RESUME] Existing 'Kimi Auto-Resume' terminal found: false
2026-05-11T21:31:23.742Z [7940] [RESUME] Creating new terminal with cwd=C:\Users\Shadow\voice to text engine
2026-05-11T21:31:23.743Z [7940] [RESUME] Terminal created successfully.
2026-05-11T21:31:23.744Z [7940] [RESUME] Sent Ctrl+C to terminal.
2026-05-11T21:31:24.552Z [7940] [RESUME] Sending history command: python tools/show_kimi_history.py 0c409a80-6cde-4428-88a9-4e4a7bf59e46 --turns 5
2026-05-11T21:31:27.553Z [7940] [RESUME] Sending command: kimi -r 0c409a80-6cde-4428-88a9-4e4a7bf59e46 -w "C:\\Users\\Shadow\\voice to text engine"
2026-05-11T21:31:27.554Z [7940] [RESUME] Resume command sent.
2026-05-11T21:31:35.929Z [7940] [RESUME] Context sent to terminal.
2026-05-11T21:31:41.997Z [2160] [RESUME] sessionId=0c409a80-6cde-4428-88a9-4e4a7bf59e46, isReload=true, isCrashRecovery=false
2026-05-11T21:31:41.998Z [2160] [RESUME] No lock file. Triggering auto-resume...
2026-05-11T21:31:41.999Z [2160] [RESUME] Reload detected. Scheduling terminal auto-resume. session=0c409a80-6cde-4428-88a9-4e4a7bf59e46, workDir=c:\Users\Shadow\voice to text engine
2026-05-11T21:31:42.000Z [2160] [RESUME] Lock file created.
2026-05-11T21:31:53.737Z [7940] [RESUME] Lock file cleaned up.
2026-05-11T21:31:57.009Z [2160] [RESUME] Timer fired (15s). Creating terminal...
2026-05-11T21:31:57.010Z [2160] [RESUME] Existing 'Kimi Auto-Resume' terminal found: true
2026-05-11T21:31:57.011Z [2160] [RESUME] Sent Ctrl+C to terminal.
2026-05-11T21:31:57.818Z [2160] [RESUME] Sending history command: python tools/show_kimi_history.py 0c409a80-6cde-4428-88a9-4e4a7bf59e46 --turns 5
2026-05-11T21:32:00.818Z [2160] [RESUME] Sending command: kimi -r 0c409a80-6cde-4428-88a9-4e4a7bf59e46 -w "c:\\Users\\Shadow\\voice to text engine"
2026-05-11T21:32:00.818Z [2160] [RESUME] Resume command sent.
2026-05-11T21:32:09.017Z [2160] [RESUME] Context sent to terminal.
2026-05-11T21:32:27.009Z [2160] [RESUME] Lock file cleaned up.
2026-05-11T21:35:54.356Z [19140] [RESUME] sessionId=0c409a80-6cde-4428-88a9-4e4a7bf59e46, isReload=true, isCrashRecovery=false
2026-05-11T21:35:54.357Z [19140] [RESUME] No lock file. Triggering auto-resume...
2026-05-11T21:35:54.358Z [19140] [RESUME] Reload detected. Scheduling terminal auto-resume. session=0c409a80-6cde-4428-88a9-4e4a7bf59e46, workDir=C:\Users\Shadow\voice to text engine
2026-05-11T21:35:54.359Z [19140] [RESUME] Lock file created.
2026-05-11T21:35:55.737Z [19156] [RESUME] sessionId=0c409a80-6cde-4428-88a9-4e4a7bf59e46, isReload=true, isCrashRecovery=false
2026-05-11T21:35:55.739Z [19156] [RESUME] Lock file exists. Skipping duplicate auto-resume.
2026-05-11T21:36:09.367Z [19140] [RESUME] Timer fired (15s). Creating terminal...
2026-05-11T21:36:09.368Z [19140] [RESUME] Existing 'Kimi Auto-Resume' terminal found: false
2026-05-11T21:36:09.368Z [19140] [RESUME] Creating new terminal with cwd=C:\Users\Shadow\voice to text engine
2026-05-11T21:36:09.370Z [19140] [RESUME] Terminal created successfully.
2026-05-11T21:36:09.371Z [19140] [RESUME] Sent Ctrl+C to terminal.
2026-05-11T21:36:10.180Z [19140] [RESUME] Sending history command: python tools/show_kimi_history.py 0c409a80-6cde-4428-88a9-4e4a7bf59e46 --turns 5
2026-05-11T21:36:13.181Z [19140] [RESUME] Sending command: kimi -r 0c409a80-6cde-4428-88a9-4e4a7bf59e46 -w "C:\\Users\\Shadow\\voice to text engine"
2026-05-11T21:36:13.182Z [19140] [RESUME] Resume command sent.
2026-05-11T21:36:21.372Z [19140] [RESUME] Context sent to terminal.
2026-05-11T21:36:39.367Z [19140] [RESUME] Lock file cleaned up.
2026-05-11T21:41:00.655Z [1428] [RESUME] Heartbeat shows clean shutdown, age=3s. Skipping crash recovery.
2026-05-11T21:41:00.657Z [1428] [RESUME] sessionId=0c409a80-6cde-4428-88a9-4e4a7bf59e46, isReload=true, isCrashRecovery=false
2026-05-11T21:41:00.658Z [1428] [RESUME] No lock file. Triggering auto-resume...
2026-05-11T21:41:00.658Z [1428] [RESUME] Reload detected. Scheduling terminal auto-resume. session=0c409a80-6cde-4428-88a9-4e4a7bf59e46, workDir=c:\Users\Shadow\voice to text engine
2026-05-11T21:41:00.660Z [1428] [RESUME] Lock file created.
2026-05-11T21:41:15.663Z [1428] [RESUME] Timer fired (15s). Creating terminal...
2026-05-11T21:41:15.664Z [1428] [RESUME] Existing 'Kimi Auto-Resume' terminal found: true
2026-05-11T21:41:15.665Z [1428] [RESUME] Waiting 100ms for terminal to be ready (new=false)...
2026-05-11T21:41:15.774Z [1428] [RESUME] Sent Ctrl+C to terminal.
2026-05-11T21:41:16.780Z [1428] [RESUME] Sending history command: python tools/show_kimi_history.py 0c409a80-6cde-4428-88a9-4e4a7bf59e46 --turns 5
2026-05-11T21:41:20.283Z [1428] [RESUME] Sending command: kimi -r 0c409a80-6cde-4428-88a9-4e4a7bf59e46 -w "c:\\Users\\Shadow\\voice to text engine"
2026-05-11T21:41:20.284Z [1428] [RESUME] Resume command sent.
2026-05-11T21:41:29.783Z [1428] [RESUME] Context sent to terminal.
2026-05-11T21:41:45.666Z [1428] [RESUME] Lock file cleaned up.
2026-05-11T21:47:16.292Z [15532] [RESUME] sessionId=0c409a80-6cde-4428-88a9-4e4a7bf59e46, isReload=true, isCrashRecovery=false
2026-05-11T21:47:16.293Z [15532] [RESUME] No lock file. Triggering auto-resume...
2026-05-11T21:47:16.294Z [15532] [RESUME] Reload detected. Scheduling terminal auto-resume. session=0c409a80-6cde-4428-88a9-4e4a7bf59e46, workDir=c:\Users\Shadow\voice to text engine
2026-05-11T21:47:16.295Z [15532] [RESUME] Lock file created.
2026-05-11T21:47:31.301Z [15532] [RESUME] Timer fired (15s). Creating terminal...
2026-05-11T21:47:31.302Z [15532] [RESUME] Existing 'Kimi Auto-Resume' terminal found: true
2026-05-11T21:47:31.303Z [15532] [RESUME] Waiting 100ms for terminal to be ready (new=false)...
2026-05-11T21:47:31.407Z [15532] [RESUME] Sent Ctrl+C to terminal.
2026-05-11T21:47:32.414Z [15532] [RESUME] Sending history command: python tools/show_kimi_history.py 0c409a80-6cde-4428-88a9-4e4a7bf59e46 --turns 5
2026-05-11T21:47:35.922Z [15532] [RESUME] Sending command: kimi -r 0c409a80-6cde-4428-88a9-4e4a7bf59e46 -w "c:\\Users\\Shadow\\voice to text engine"
2026-05-11T21:47:35.923Z [15532] [RESUME] Resume command sent.
2026-05-11T21:47:45.415Z [15532] [RESUME] Context sent to terminal.
2026-05-11T21:48:01.307Z [15532] [RESUME] Lock file cleaned up.
2026-05-11T22:03:08.669Z [584] [RESUME] Heartbeat shows clean shutdown, age=4s. Skipping crash recovery.
2026-05-11T22:03:08.670Z [584] [RESUME] sessionId=0c409a80-6cde-4428-88a9-4e4a7bf59e46, isReload=true, isCrashRecovery=false
2026-05-11T22:03:08.671Z [584] [RESUME] No lock file. Triggering auto-resume...
2026-05-11T22:03:08.672Z [584] [RESUME] Reload detected. Scheduling terminal auto-resume. session=0c409a80-6cde-4428-88a9-4e4a7bf59e46, workDir=c:\Users\Shadow\voice to text engine
2026-05-11T22:03:08.673Z [584] [RESUME] Lock file created.
2026-05-11T22:03:23.685Z [584] [RESUME] Timer fired (15s). Creating terminal...
2026-05-11T22:03:23.686Z [584] [RESUME] Existing 'Kimi Auto-Resume' terminal found: true
2026-05-11T22:03:23.686Z [584] [RESUME] Waiting 100ms for terminal to be ready (new=false)...
2026-05-11T22:03:23.791Z [584] [RESUME] Sent Ctrl+C to terminal.
2026-05-11T22:03:24.798Z [584] [RESUME] Sending history command: python tools/show_kimi_history.py 0c409a80-6cde-4428-88a9-4e4a7bf59e46 --turns 5
2026-05-11T22:03:28.304Z [584] [RESUME] Sending command: kimi -r 0c409a80-6cde-4428-88a9-4e4a7bf59e46 -w "c:\\Users\\Shadow\\voice to text engine"
2026-05-11T22:03:28.305Z [584] [RESUME] Resume command sent.
2026-05-11T22:03:37.807Z [584] [RESUME] Context sent to terminal.
2026-05-11T22:03:53.678Z [584] [RESUME] Lock file cleaned up.
2026-05-11T22:27:45.511Z [20108] [RESUME] sessionId=0c409a80-6cde-4428-88a9-4e4a7bf59e46, isReload=true, isCrashRecovery=false
2026-05-11T22:27:45.512Z [20108] [RESUME] No lock file. Triggering auto-resume...
2026-05-11T22:27:45.512Z [20108] [RESUME] Reload detected. Scheduling terminal auto-resume. session=0c409a80-6cde-4428-88a9-4e4a7bf59e46, workDir=c:\Users\Shadow\voice to text engine
2026-05-11T22:27:45.514Z [20108] [RESUME] Lock file created.
2026-05-11T22:28:00.521Z [20108] [RESUME] Timer fired (15s). Creating terminal...
2026-05-11T22:28:00.521Z [20108] [RESUME] Existing 'Kimi Auto-Resume' terminal found: true
2026-05-11T22:28:00.522Z [20108] [RESUME] Waiting 100ms for terminal to be ready (new=false)...
2026-05-11T22:28:00.627Z [20108] [RESUME] Sent Ctrl+C to terminal.
2026-05-11T22:28:01.637Z [20108] [RESUME] Sending history command: python tools/show_kimi_history.py 0c409a80-6cde-4428-88a9-4e4a7bf59e46 --turns 5
2026-05-11T22:28:05.138Z [20108] [RESUME] Sending command: kimi -r 0c409a80-6cde-4428-88a9-4e4a7bf59e46 -w "c:\\Users\\Shadow\\voice to text engine"
2026-05-11T22:28:05.140Z [20108] [RESUME] Resume command sent.
2026-05-11T22:28:14.633Z [20108] [RESUME] Context sent to terminal.
2026-05-11T22:28:30.518Z [20108] [RESUME] Lock file cleaned up.
2026-05-12T13:34:22.725Z [7028] [RESUME] Heartbeat shows clean shutdown, age=15s. Skipping crash recovery.
2026-05-12T13:34:22.728Z [7028] [RESUME] sessionId=0c409a80-6cde-4428-88a9-4e4a7bf59e46, isReload=true, isCrashRecovery=false
2026-05-12T13:34:22.728Z [7028] [RESUME] No lock file. Triggering auto-resume...
2026-05-12T13:34:22.729Z [7028] [RESUME] Reload detected. Scheduling terminal auto-resume. session=0c409a80-6cde-4428-88a9-4e4a7bf59e46, workDir=c:\Users\Shadow\voice to text engine
2026-05-12T13:34:22.730Z [7028] [RESUME] Lock file created.
2026-05-12T13:34:37.734Z [7028] [RESUME] Timer fired (15s). Creating terminal...
2026-05-12T13:34:37.734Z [7028] [RESUME] Existing 'Kimi Auto-Resume' terminal found: false
2026-05-12T13:34:37.735Z [7028] [RESUME] Creating new terminal with cwd=c:\Users\Shadow\voice to text engine
2026-05-12T13:34:37.736Z [7028] [RESUME] Terminal created successfully.
2026-05-12T13:34:37.737Z [7028] [RESUME] Waiting 2500ms for terminal to be ready (new=true)...
2026-05-12T13:34:40.247Z [7028] [RESUME] Sent Ctrl+C to terminal.
2026-05-12T13:34:41.260Z [7028] [RESUME] Sending history command: python tools/show_kimi_history.py 0c409a80-6cde-4428-88a9-4e4a7bf59e46 --turns 5
2026-05-12T13:34:44.761Z [7028] [RESUME] Sending command: kimi -r 0c409a80-6cde-4428-88a9-4e4a7bf59e46 -w "c:\\Users\\Shadow\\voice to text engine"
2026-05-12T13:34:44.761Z [7028] [RESUME] Resume command sent.
2026-05-12T13:34:54.254Z [7028] [RESUME] Context sent to terminal.
2026-05-12T13:35:07.801Z [7028] [RESUME] Lock file cleaned up.
2026-05-13T16:03:17.989Z [18776] [RESUME] Heartbeat shows clean shutdown, age=7s. Skipping crash recovery.
2026-05-13T16:03:17.991Z [18776] [RESUME] sessionId=0c409a80-6cde-4428-88a9-4e4a7bf59e46, isReload=true, isCrashRecovery=false
2026-05-13T16:03:17.992Z [18776] [RESUME] No lock file. Triggering auto-resume...
2026-05-13T16:03:17.993Z [18776] [RESUME] Reload detected. Scheduling terminal auto-resume. session=0c409a80-6cde-4428-88a9-4e4a7bf59e46, workDir=c:\Users\Shadow\voice to text engine
2026-05-13T16:03:17.994Z [18776] [RESUME] Lock file created.
2026-05-13T16:03:32.997Z [18776] [RESUME] Timer fired (15s). Creating terminal...
2026-05-13T16:03:32.998Z [18776] [RESUME] Existing 'Kimi Auto-Resume' terminal found: false
2026-05-13T16:03:32.999Z [18776] [RESUME] Creating new terminal with cwd=c:\Users\Shadow\voice to text engine
2026-05-13T16:03:33.001Z [18776] [RESUME] Terminal created successfully.
2026-05-13T16:03:33.002Z [18776] [RESUME] Waiting 2500ms for terminal to be ready (new=true)...
2026-05-13T16:03:35.518Z [18776] [RESUME] Sent Ctrl+C to terminal.
2026-05-13T16:03:36.524Z [18776] [RESUME] Sending history command: python tools/show_kimi_history.py 0c409a80-6cde-4428-88a9-4e4a7bf59e46 --turns 5
2026-05-13T16:03:40.027Z [18776] [RESUME] Sending command: kimi -r 0c409a80-6cde-4428-88a9-4e4a7bf59e46 -w "c:\\Users\\Shadow\\voice to text engine"
2026-05-13T16:03:40.027Z [18776] [RESUME] Resume command sent.
2026-05-13T16:03:49.521Z [18776] [RESUME] Context sent to terminal.
2026-05-13T16:04:03.040Z [18776] [RESUME] Lock file cleaned up.
2026-05-26T02:27:33.548Z [15768] [RESUME] Heartbeat shows clean shutdown, age=5s. Skipping crash recovery.
2026-05-26T02:27:33.550Z [15768] [RESUME] sessionId=c8d32ab6-2ae6-4850-8032-032e51156df1, isReload=true, isCrashRecovery=false
2026-05-26T02:27:33.551Z [15768] [RESUME] No lock file. Triggering auto-resume...
2026-05-26T02:27:33.552Z [15768] [RESUME] Reload detected. Scheduling terminal auto-resume. session=c8d32ab6-2ae6-4850-8032-032e51156df1, workDir=c:\Users\Shadow\voice to text engine
2026-05-26T02:27:33.553Z [15768] [RESUME] Lock file created.
2026-05-26T02:27:48.561Z [15768] [RESUME] Timer fired (15s). Creating terminal...
2026-05-26T02:27:48.562Z [15768] [RESUME] Existing 'Kimi Auto-Resume' terminal found: false
2026-05-26T02:27:48.562Z [15768] [RESUME] Creating new terminal with cwd=c:\Users\Shadow\voice to text engine
2026-05-26T02:27:48.563Z [15768] [RESUME] Terminal created successfully.
2026-05-26T02:27:48.563Z [15768] [RESUME] Waiting 2500ms for terminal to be ready (new=true)...
2026-05-26T02:27:51.076Z [15768] [RESUME] Sent Ctrl+C to terminal.
2026-05-26T02:27:52.084Z [15768] [RESUME] Sending history command: python tools/show_kimi_history.py c8d32ab6-2ae6-4850-8032-032e51156df1 --turns 5
2026-05-26T02:27:55.577Z [15768] [RESUME] Sending command: kimi -r c8d32ab6-2ae6-4850-8032-032e51156df1 -w "c:\\Users\\Shadow\\voice to text engine"
2026-05-26T02:27:55.578Z [15768] [RESUME] Resume command sent.
2026-05-26T02:28:05.079Z [15768] [RESUME] Context sent to terminal.
2026-05-26T02:28:18.562Z [15768] [RESUME] Lock file cleaned up.
2026-05-26T03:19:19.288Z [16292] [RESUME] Heartbeat shows clean shutdown, age=7s. Skipping crash recovery.
2026-05-26T03:19:19.290Z [16292] [RESUME] sessionId=c8d32ab6-2ae6-4850-8032-032e51156df1, isReload=true, isCrashRecovery=false
2026-05-26T03:19:19.291Z [16292] [RESUME] No lock file. Triggering auto-resume...
2026-05-26T03:19:19.292Z [16292] [RESUME] Reload detected. Scheduling terminal auto-resume. session=c8d32ab6-2ae6-4850-8032-032e51156df1, workDir=c:\Users\Shadow\voice to text engine
2026-05-26T03:19:19.293Z [16292] [RESUME] Lock file created.
2026-05-26T03:19:34.303Z [16292] [RESUME] Timer fired (15s). Creating terminal...
2026-05-26T03:19:34.304Z [16292] [RESUME] Existing 'Kimi Auto-Resume' terminal found: true
2026-05-26T03:19:34.305Z [16292] [RESUME] Waiting 100ms for terminal to be ready (new=false)...
2026-05-26T03:19:34.412Z [16292] [RESUME] Sent Ctrl+C to terminal.
2026-05-26T03:19:35.424Z [16292] [RESUME] Sending history command: python tools/show_kimi_history.py c8d32ab6-2ae6-4850-8032-032e51156df1 --turns 5
2026-05-26T03:19:38.920Z [16292] [RESUME] Sending command: kimi -r c8d32ab6-2ae6-4850-8032-032e51156df1 -w "c:\\Users\\Shadow\\voice to text engine"
2026-05-26T03:19:38.920Z [16292] [RESUME] Resume command sent.
2026-05-26T03:19:48.421Z [16292] [RESUME] Context sent to terminal.
2026-05-26T03:20:04.295Z [16292] [RESUME] Lock file cleaned up.
2026-05-26T14:02:37.960Z [15816] [RESUME] Crash detected via stale heartbeat. age=1355s, session=c8d32ab6-2ae6-4850-8032-032e51156df1
2026-05-26T14:02:37.963Z [15816] [RESUME] sessionId=c8d32ab6-2ae6-4850-8032-032e51156df1, isReload=false, isCrashRecovery=true
2026-05-26T14:02:37.964Z [15816] [RESUME] No lock file. Triggering auto-resume...
2026-05-26T14:02:37.965Z [15816] [RESUME] Crash recovery. Scheduling terminal auto-resume. session=c8d32ab6-2ae6-4850-8032-032e51156df1, workDir=c:\Users\Shadow\voice to text engine
2026-05-26T14:02:37.966Z [15816] [RESUME] Lock file created.
2026-05-26T14:02:53.564Z [15816] [RESUME] Timer fired (15s). Creating terminal...
2026-05-26T14:02:53.566Z [15816] [RESUME] Existing 'Kimi Auto-Resume' terminal found: false
2026-05-26T14:02:53.567Z [15816] [RESUME] Creating new terminal with cwd=c:\Users\Shadow\voice to text engine
2026-05-26T14:02:53.568Z [15816] [RESUME] Terminal created successfully.
2026-05-26T14:02:53.582Z [15816] [RESUME] Waiting 2500ms for terminal to be ready (new=true)...
2026-05-26T14:02:56.339Z [15816] [RESUME] Sent Ctrl+C to terminal.
2026-05-26T14:03:04.054Z [15816] [RESUME] Sending history command: python tools/show_kimi_history.py c8d32ab6-2ae6-4850-8032-032e51156df1 --turns 5
2026-05-26T14:03:04.059Z [15816] [RESUME] Sending command: kimi -r c8d32ab6-2ae6-4850-8032-032e51156df1 -w "c:\\Users\\Shadow\\voice to text engine"
2026-05-26T14:03:04.060Z [15816] [RESUME] Resume command sent.
2026-05-26T14:03:10.340Z [15816] [RESUME] Context sent to terminal.
2026-05-26T14:03:22.974Z [15816] [RESUME] Lock file cleaned up.
2026-05-26T14:42:32.715Z [10672] [RESUME] Heartbeat shows clean shutdown, age=7s. Skipping crash recovery.
2026-05-26T14:42:32.717Z [10672] [RESUME] sessionId=c8d32ab6-2ae6-4850-8032-032e51156df1, isReload=true, isCrashRecovery=false
2026-05-26T14:42:32.718Z [10672] [RESUME] No lock file. Triggering auto-resume...
2026-05-26T14:42:32.719Z [10672] [RESUME] Reload detected. Scheduling terminal auto-resume. session=c8d32ab6-2ae6-4850-8032-032e51156df1, workDir=c:\Users\Shadow\voice to text engine
2026-05-26T14:42:32.720Z [10672] [RESUME] Lock file created.
2026-05-26T14:42:47.735Z [10672] [RESUME] Timer fired (15s). Creating terminal...
2026-05-26T14:42:47.736Z [10672] [RESUME] Existing 'Kimi Auto-Resume' terminal found: true
2026-05-26T14:42:47.737Z [10672] [RESUME] Waiting 100ms for terminal to be ready (new=false)...
2026-05-26T14:42:47.844Z [10672] [RESUME] Sent Ctrl+C to terminal.
2026-05-26T14:42:48.853Z [10672] [RESUME] Sending history command: python tools/show_kimi_history.py c8d32ab6-2ae6-4850-8032-032e51156df1 --turns 5
2026-05-26T14:42:52.367Z [10672] [RESUME] Sending command: kimi -r c8d32ab6-2ae6-4850-8032-032e51156df1 -w "c:\\Users\\Shadow\\voice to text engine"
2026-05-26T14:42:52.369Z [10672] [RESUME] Resume command sent.
2026-05-26T14:43:01.846Z [10672] [RESUME] Context sent to terminal.
2026-05-26T14:43:17.732Z [10672] [RESUME] Lock file cleaned up.
